<?xml version="1.0" encoding="UTF-8"?>
<!-- Generated by org.testng.reporters.JUnitReportReporter -->
<testsuite hostname="win764bit" name="test.source.testclasses.AddPostTestClass" tests="1" failures="0" timestamp="5 Aug 2014 10:35:49 GMT" time="0.018" errors="0">
  <testcase name="Verify_New_Post" time="0.018" classname="test.source.testclasses.AddPostTestClass"/>
</testsuite> <!-- test.source.testclasses.AddPostTestClass -->
