<?xml version="1.0" encoding="UTF-8"?>
<!-- Generated by org.testng.reporters.JUnitReportReporter -->
<testsuite hostname="win764bit" name="Persistent.SeAutomation.getExcelData" tests="5" failures="0" timestamp="6 Aug 2014 04:47:55 GMT" time="0.773" errors="0">
  <testcase name="test2" time="0.001" classname="Persistent.SeAutomation.getExcelData"/>
  <testcase name="test2" time="0.004" classname="Persistent.SeAutomation.getExcelData"/>
  <testcase name="modifyExcel" time="0.173" classname="Persistent.SeAutomation.getExcelData"/>
  <testcase name="createExcel" time="0.593" classname="Persistent.SeAutomation.getExcelData"/>
  <testcase name="test2" time="0.002" classname="Persistent.SeAutomation.getExcelData"/>
</testsuite> <!-- Persistent.SeAutomation.getExcelData -->
