<?xml version="1.0" encoding="UTF-8"?>
<!-- Generated by org.testng.reporters.JUnitReportReporter -->
<testsuite hostname="win764bit" name="Persistent.SeAutomation.testNGClass" tests="3" failures="0" timestamp="5 Aug 2014 10:33:47 GMT" time="0.012" errors="0">
  <testcase name="test2" time="0.009" classname="Persistent.SeAutomation.testNGClass"/>
  <testcase name="test1" time="0.002" classname="Persistent.SeAutomation.testNGClass"/>
  <testcase name="test2" time="0.001" classname="Persistent.SeAutomation.testNGClass"/>
</testsuite> <!-- Persistent.SeAutomation.testNGClass -->
