<?xml version="1.0" encoding="UTF-8"?>
<!-- Generated by org.testng.reporters.JUnitReportReporter -->
<testsuite hostname="win764bit" name="test.source.testclasses.LoginTestClass" tests="1" failures="0" timestamp="6 Aug 2014 09:04:20 GMT" time="44.790" errors="0">
  <testcase name="VerifyLogin_Successful" time="44.790" classname="test.source.testclasses.LoginTestClass"/>
</testsuite> <!-- test.source.testclasses.LoginTestClass -->
